[02-Oct-2024 10:18:12 UTC] PHP Deprecated:  Optional parameter $plain_text declared before required parameter $email is implicitly treated as a required parameter in /var/www/vhosts/dba-armoires.fr/httpdocs/wp-content/plugins/woocommerce-gateway-atos2/woocommerce-gateway-atos2.php on line 1369
[02-Oct-2024 10:18:12 UTC] PHP Fatal error:  Uncaught Error: Call to undefined method Porto_Woo::load_packages() in /var/www/vhosts/dba-armoires.fr/httpdocs/wp-content/plugins/porto-functionality/porto-woo.php:27
Stack trace:
#0 /var/www/vhosts/dba-armoires.fr/httpdocs/wp-content/plugins/porto-functionality/porto-woo.php(30): Porto_Woo->__construct()
#1 /var/www/vhosts/dba-armoires.fr/httpdocs/wp-content/plugins/porto-functionality/porto-functionality.php(266): require_once('...')
#2 /var/www/vhosts/dba-armoires.fr/httpdocs/wp-includes/class-wp-hook.php(324): Porto_Functionality->load_woo()
#3 /var/www/vhosts/dba-armoires.fr/httpdocs/wp-includes/class-wp-hook.php(348): WP_Hook->apply_filters()
#4 /var/www/vhosts/dba-armoires.fr/httpdocs/wp-includes/plugin.php(517): WP_Hook->do_action()
#5 /var/www/vhosts/dba-armoires.fr/httpdocs/wp-settings.php(555): do_action()
#6 /var/www/vhosts/dba-armoires.fr/httpdocs/wp-config.php(102): require_once('...')
#7 /var/www/vhosts/dba-armoires.fr/httpdocs/wp-load.php(50): require_once('...')
#8 /var/www/vhosts/dba-armoires.fr/httpdocs/wp-admin/admin-ajax.php(22): require_once('...')
#9 {main}
  thrown in /var/www/vhosts/dba-armoires.fr/httpdocs/wp-content/plugins/porto-functionality/porto-woo.php on line 27
[02-Oct-2024 10:18:13 UTC] PHP Deprecated:  Optional parameter $plain_text declared before required parameter $email is implicitly treated as a required parameter in /var/www/vhosts/dba-armoires.fr/httpdocs/wp-content/plugins/woocommerce-gateway-atos2/woocommerce-gateway-atos2.php on line 1369
[02-Oct-2024 10:18:13 UTC] PHP Fatal error:  Uncaught Error: Call to undefined method Porto_Woo::load_packages() in /var/www/vhosts/dba-armoires.fr/httpdocs/wp-content/plugins/porto-functionality/porto-woo.php:27
Stack trace:
#0 /var/www/vhosts/dba-armoires.fr/httpdocs/wp-content/plugins/porto-functionality/porto-woo.php(30): Porto_Woo->__construct()
#1 /var/www/vhosts/dba-armoires.fr/httpdocs/wp-content/plugins/porto-functionality/porto-functionality.php(266): require_once('...')
#2 /var/www/vhosts/dba-armoires.fr/httpdocs/wp-includes/class-wp-hook.php(324): Porto_Functionality->load_woo()
#3 /var/www/vhosts/dba-armoires.fr/httpdocs/wp-includes/class-wp-hook.php(348): WP_Hook->apply_filters()
#4 /var/www/vhosts/dba-armoires.fr/httpdocs/wp-includes/plugin.php(517): WP_Hook->do_action()
#5 /var/www/vhosts/dba-armoires.fr/httpdocs/wp-settings.php(555): do_action()
#6 /var/www/vhosts/dba-armoires.fr/httpdocs/wp-config.php(102): require_once('...')
#7 /var/www/vhosts/dba-armoires.fr/httpdocs/wp-load.php(50): require_once('...')
#8 /var/www/vhosts/dba-armoires.fr/httpdocs/wp-admin/admin.php(34): require_once('...')
#9 /var/www/vhosts/dba-armoires.fr/httpdocs/wp-admin/plugins.php(10): require_once('...')
#10 {main}
  thrown in /var/www/vhosts/dba-armoires.fr/httpdocs/wp-content/plugins/porto-functionality/porto-woo.php on line 27
[02-Oct-2024 10:18:13 UTC] PHP Deprecated:  Optional parameter $plain_text declared before required parameter $email is implicitly treated as a required parameter in /var/www/vhosts/dba-armoires.fr/httpdocs/wp-content/plugins/woocommerce-gateway-atos2/woocommerce-gateway-atos2.php on line 1369
[02-Oct-2024 10:18:13 UTC] PHP Fatal error:  Uncaught Error: Call to undefined method Porto_Woo::load_packages() in /var/www/vhosts/dba-armoires.fr/httpdocs/wp-content/plugins/porto-functionality/porto-woo.php:27
Stack trace:
#0 /var/www/vhosts/dba-armoires.fr/httpdocs/wp-content/plugins/porto-functionality/porto-woo.php(30): Porto_Woo->__construct()
#1 /var/www/vhosts/dba-armoires.fr/httpdocs/wp-content/plugins/porto-functionality/porto-functionality.php(266): require_once('...')
#2 /var/www/vhosts/dba-armoires.fr/httpdocs/wp-includes/class-wp-hook.php(324): Porto_Functionality->load_woo()
#3 /var/www/vhosts/dba-armoires.fr/httpdocs/wp-includes/class-wp-hook.php(348): WP_Hook->apply_filters()
#4 /var/www/vhosts/dba-armoires.fr/httpdocs/wp-includes/plugin.php(517): WP_Hook->do_action()
#5 /var/www/vhosts/dba-armoires.fr/httpdocs/wp-settings.php(555): do_action()
#6 /var/www/vhosts/dba-armoires.fr/httpdocs/wp-config.php(102): require_once('...')
#7 /var/www/vhosts/dba-armoires.fr/httpdocs/wp-load.php(50): require_once('...')
#8 /var/www/vhosts/dba-armoires.fr/httpdocs/wp-blog-header.php(13): require_once('...')
#9 /var/www/vhosts/dba-armoires.fr/httpdocs/index.php(17): require('...')
#10 {main}
  thrown in /var/www/vhosts/dba-armoires.fr/httpdocs/wp-content/plugins/porto-functionality/porto-woo.php on line 27
[02-Oct-2024 10:18:19 UTC] PHP Deprecated:  Optional parameter $plain_text declared before required parameter $email is implicitly treated as a required parameter in /var/www/vhosts/dba-armoires.fr/httpdocs/wp-content/plugins/woocommerce-gateway-atos2/woocommerce-gateway-atos2.php on line 1369
[02-Oct-2024 10:18:19 UTC] PHP Fatal error:  Uncaught Error: Call to undefined method Porto_Woo::load_packages() in /var/www/vhosts/dba-armoires.fr/httpdocs/wp-content/plugins/porto-functionality/porto-woo.php:27
Stack trace:
#0 /var/www/vhosts/dba-armoires.fr/httpdocs/wp-content/plugins/porto-functionality/porto-woo.php(30): Porto_Woo->__construct()
#1 /var/www/vhosts/dba-armoires.fr/httpdocs/wp-content/plugins/porto-functionality/porto-functionality.php(266): require_once('...')
#2 /var/www/vhosts/dba-armoires.fr/httpdocs/wp-includes/class-wp-hook.php(324): Porto_Functionality->load_woo()
#3 /var/www/vhosts/dba-armoires.fr/httpdocs/wp-includes/class-wp-hook.php(348): WP_Hook->apply_filters()
#4 /var/www/vhosts/dba-armoires.fr/httpdocs/wp-includes/plugin.php(517): WP_Hook->do_action()
#5 /var/www/vhosts/dba-armoires.fr/httpdocs/wp-settings.php(555): do_action()
#6 /var/www/vhosts/dba-armoires.fr/httpdocs/wp-config.php(102): require_once('...')
#7 /var/www/vhosts/dba-armoires.fr/httpdocs/wp-load.php(50): require_once('...')
#8 /var/www/vhosts/dba-armoires.fr/httpdocs/wp-admin/admin-ajax.php(22): require_once('...')
#9 {main}
  thrown in /var/www/vhosts/dba-armoires.fr/httpdocs/wp-content/plugins/porto-functionality/porto-woo.php on line 27
[02-Oct-2024 10:18:26 UTC] PHP Deprecated:  Optional parameter $plain_text declared before required parameter $email is implicitly treated as a required parameter in /var/www/vhosts/dba-armoires.fr/httpdocs/wp-content/plugins/woocommerce-gateway-atos2/woocommerce-gateway-atos2.php on line 1369
[02-Oct-2024 10:18:26 UTC] PHP Deprecated:  Optional parameter $plain_text declared before required parameter $email is implicitly treated as a required parameter in /var/www/vhosts/dba-armoires.fr/httpdocs/wp-content/plugins/woocommerce-gateway-atos2/woocommerce-gateway-atos2.php on line 1369
[02-Oct-2024 10:18:26 UTC] PHP Fatal error:  Uncaught Error: Call to undefined method Porto_Woo::load_packages() in /var/www/vhosts/dba-armoires.fr/httpdocs/wp-content/plugins/porto-functionality/porto-woo.php:27
Stack trace:
#0 /var/www/vhosts/dba-armoires.fr/httpdocs/wp-content/plugins/porto-functionality/porto-woo.php(30): Porto_Woo->__construct()
#1 /var/www/vhosts/dba-armoires.fr/httpdocs/wp-content/plugins/porto-functionality/porto-functionality.php(266): require_once('...')
#2 /var/www/vhosts/dba-armoires.fr/httpdocs/wp-includes/class-wp-hook.php(324): Porto_Functionality->load_woo()
#3 /var/www/vhosts/dba-armoires.fr/httpdocs/wp-includes/class-wp-hook.php(348): WP_Hook->apply_filters()
#4 /var/www/vhosts/dba-armoires.fr/httpdocs/wp-includes/plugin.php(517): WP_Hook->do_action()
#5 /var/www/vhosts/dba-armoires.fr/httpdocs/wp-settings.php(555): do_action()
#6 /var/www/vhosts/dba-armoires.fr/httpdocs/wp-config.php(102): require_once('...')
#7 /var/www/vhosts/dba-armoires.fr/httpdocs/wp-load.php(50): require_once('...')
#8 /var/www/vhosts/dba-armoires.fr/httpdocs/wp-admin/admin-ajax.php(22): require_once('...')
#9 {main}
  thrown in /var/www/vhosts/dba-armoires.fr/httpdocs/wp-content/plugins/porto-functionality/porto-woo.php on line 27
[02-Oct-2024 10:18:26 UTC] PHP Fatal error:  Uncaught Error: Call to undefined method Porto_Woo::load_packages() in /var/www/vhosts/dba-armoires.fr/httpdocs/wp-content/plugins/porto-functionality/porto-woo.php:27
Stack trace:
#0 /var/www/vhosts/dba-armoires.fr/httpdocs/wp-content/plugins/porto-functionality/porto-woo.php(30): Porto_Woo->__construct()
#1 /var/www/vhosts/dba-armoires.fr/httpdocs/wp-content/plugins/porto-functionality/porto-functionality.php(266): require_once('...')
#2 /var/www/vhosts/dba-armoires.fr/httpdocs/wp-includes/class-wp-hook.php(324): Porto_Functionality->load_woo()
#3 /var/www/vhosts/dba-armoires.fr/httpdocs/wp-includes/class-wp-hook.php(348): WP_Hook->apply_filters()
#4 /var/www/vhosts/dba-armoires.fr/httpdocs/wp-includes/plugin.php(517): WP_Hook->do_action()
#5 /var/www/vhosts/dba-armoires.fr/httpdocs/wp-settings.php(555): do_action()
#6 /var/www/vhosts/dba-armoires.fr/httpdocs/wp-config.php(102): require_once('...')
#7 /var/www/vhosts/dba-armoires.fr/httpdocs/wp-load.php(50): require_once('...')
#8 /var/www/vhosts/dba-armoires.fr/httpdocs/wp-admin/admin-ajax.php(22): require_once('...')
#9 {main}
  thrown in /var/www/vhosts/dba-armoires.fr/httpdocs/wp-content/plugins/porto-functionality/porto-woo.php on line 27
[02-Oct-2024 10:18:33 UTC] PHP Deprecated:  Optional parameter $plain_text declared before required parameter $email is implicitly treated as a required parameter in /var/www/vhosts/dba-armoires.fr/httpdocs/wp-content/plugins/woocommerce-gateway-atos2/woocommerce-gateway-atos2.php on line 1369
[02-Oct-2024 10:18:34 UTC] PHP Fatal error:  Uncaught Error: Call to undefined method Porto_Woo::load_packages() in /var/www/vhosts/dba-armoires.fr/httpdocs/wp-content/plugins/porto-functionality/porto-woo.php:27
Stack trace:
#0 /var/www/vhosts/dba-armoires.fr/httpdocs/wp-content/plugins/porto-functionality/porto-woo.php(30): Porto_Woo->__construct()
#1 /var/www/vhosts/dba-armoires.fr/httpdocs/wp-content/plugins/porto-functionality/porto-functionality.php(266): require_once('...')
#2 /var/www/vhosts/dba-armoires.fr/httpdocs/wp-includes/class-wp-hook.php(324): Porto_Functionality->load_woo()
#3 /var/www/vhosts/dba-armoires.fr/httpdocs/wp-includes/class-wp-hook.php(348): WP_Hook->apply_filters()
#4 /var/www/vhosts/dba-armoires.fr/httpdocs/wp-includes/plugin.php(517): WP_Hook->do_action()
#5 /var/www/vhosts/dba-armoires.fr/httpdocs/wp-settings.php(555): do_action()
#6 /var/www/vhosts/dba-armoires.fr/httpdocs/wp-config.php(102): require_once('...')
#7 /var/www/vhosts/dba-armoires.fr/httpdocs/wp-load.php(50): require_once('...')
#8 /var/www/vhosts/dba-armoires.fr/httpdocs/wp-admin/admin.php(34): require_once('...')
#9 /var/www/vhosts/dba-armoires.fr/httpdocs/wp-admin/index.php(10): require_once('...')
#10 {main}
  thrown in /var/www/vhosts/dba-armoires.fr/httpdocs/wp-content/plugins/porto-functionality/porto-woo.php on line 27
[02-Oct-2024 10:18:34 UTC] PHP Deprecated:  Optional parameter $plain_text declared before required parameter $email is implicitly treated as a required parameter in /var/www/vhosts/dba-armoires.fr/httpdocs/wp-content/plugins/woocommerce-gateway-atos2/woocommerce-gateway-atos2.php on line 1369
[02-Oct-2024 10:18:34 UTC] PHP Fatal error:  Uncaught Error: Call to undefined method Porto_Woo::load_packages() in /var/www/vhosts/dba-armoires.fr/httpdocs/wp-content/plugins/porto-functionality/porto-woo.php:27
Stack trace:
#0 /var/www/vhosts/dba-armoires.fr/httpdocs/wp-content/plugins/porto-functionality/porto-woo.php(30): Porto_Woo->__construct()
#1 /var/www/vhosts/dba-armoires.fr/httpdocs/wp-content/plugins/porto-functionality/porto-functionality.php(266): require_once('...')
#2 /var/www/vhosts/dba-armoires.fr/httpdocs/wp-includes/class-wp-hook.php(324): Porto_Functionality->load_woo()
#3 /var/www/vhosts/dba-armoires.fr/httpdocs/wp-includes/class-wp-hook.php(348): WP_Hook->apply_filters()
#4 /var/www/vhosts/dba-armoires.fr/httpdocs/wp-includes/plugin.php(517): WP_Hook->do_action()
#5 /var/www/vhosts/dba-armoires.fr/httpdocs/wp-settings.php(555): do_action()
#6 /var/www/vhosts/dba-armoires.fr/httpdocs/wp-config.php(102): require_once('...')
#7 /var/www/vhosts/dba-armoires.fr/httpdocs/wp-load.php(50): require_once('...')
#8 /var/www/vhosts/dba-armoires.fr/httpdocs/wp-blog-header.php(13): require_once('...')
#9 /var/www/vhosts/dba-armoires.fr/httpdocs/index.php(17): require('...')
#10 {main}
  thrown in /var/www/vhosts/dba-armoires.fr/httpdocs/wp-content/plugins/porto-functionality/porto-woo.php on line 27
